<?xml version="1.0" encoding="UTF-8"?>
<!-- Generated by org.testng.reporters.JUnitReportReporter -->
<testsuite skipped="0" hostname="DESKTOP-JKHPQN4" name="com.ecom.flipkart.searchtest.SearchAndSortIphone" tests="1" failures="0" timestamp="2021-02-21T15:20:18 IST" time="6.012" errors="0">
  <testcase name="iphonesearchtestcase" time="6.012" classname="com.ecom.flipkart.searchtest.SearchAndSortIphone"/>
  <system-out/>
</testsuite> <!-- com.ecom.flipkart.searchtest.SearchAndSortIphone -->
